Welcome to MAGMA v1.07a (linux/s)
Using flags:
	--gene-results /scratch/tmp-magma_gwas/BMI_Yengo2018.txt.10UP.1.5DOWN.genes.raw
	--gene-covar /raid5/projects/timshel/sc-genetics/sc-genetics/src/magma-fit_models/magma_dummy_covar_file.NCBI37_3.tab
	--model correct=all direction-covar=greater
	--settings abbreviate=0 gene-info
	--out /raid5/projects/timshel/sc-genetics/sc-genetics/src/magma-fit_models/BMI_Yengo2018.resid.correct_all

Start time is 11:17:49, Thursday 22 Nov 2018

Reading file /scratch/tmp-magma_gwas/BMI_Yengo2018.txt.10UP.1.5DOWN.genes.raw... 
	17625 genes read from file
Loading gene-level covariates...
Reading file /raid5/projects/timshel/sc-genetics/sc-genetics/src/magma-fit_models/magma_dummy_covar_file.NCBI37_3.tab... 
	detected 1 variables in file (using all)
	found 1 valid gene covariate, for 17625 genes defined in genotype data
Preparing variables for analysis...
	truncating Z-scores 3 points below zero or 6 standard deviations above the mean
	truncating covariate values more than 5 standard deviations from the mean
	total variables available for analysis: 1 gene covariate

Parsing model specifications...
Inverting gene-gene correlation matrix...
Performing regression analysis...
	testing direction: one-sided, positive (sets), one-sided, positive (covar)
	conditioning on internal variables:
		gene size, log(gene size)
		gene density, log(gene density)
		sample size, log(sample size)
		inverse mac, log(inverse mac)
	analysing individual variables

	analysing single-variable models (number of models: 1)
	writing results to file /raid5/projects/timshel/sc-genetics/sc-genetics/src/magma-fit_models/BMI_Yengo2018.resid.correct_all.gsa.out
	writing gene information to file /raid5/projects/timshel/sc-genetics/sc-genetics/src/magma-fit_models/BMI_Yengo2018.resid.correct_all.gsa.genes.out

End time is 11:18:04, Thursday 22 Nov 2018 (elapsed: 00:00:15)
